<?xml version="1.0" encoding="UTF-8"?>
<coverage generated="1754583210269" clover="3.2.0">
  <project timestamp="1754583210269" name="All files">
    <metrics statements="28" coveredstatements="25" conditionals="6" coveredconditionals="4" methods="7" coveredmethods="5" elements="41" coveredelements="34" complexity="0" loc="28" ncloc="28" packages="5" files="5" classes="5"/>
    <package name="presentation.components.Cards.CardNews">
      <metrics statements="8" coveredstatements="7" conditionals="6" coveredconditionals="4" methods="3" coveredmethods="2"/>
      <file name="CardNews.tsx" path="/home/znovandap/Documents/test-gawe/home-test-eigen/src/presentation/components/Cards/CardNews/CardNews.tsx">
        <metrics statements="8" coveredstatements="7" conditionals="6" coveredconditionals="4" methods="3" coveredmethods="2"/>
        <line num="2" count="1" type="stmt"/>
        <line num="3" count="1" type="stmt"/>
        <line num="5" count="1" type="stmt"/>
        <line num="17" count="1" type="stmt"/>
        <line num="19" count="3" type="stmt"/>
        <line num="21" count="3" type="cond" truecount="2" falsecount="0"/>
        <line num="24" count="40" type="stmt"/>
        <line num="27" count="0" type="stmt"/>
      </file>
    </package>
    <package name="presentation.components.layouts.AppShell">
      <metrics statements="9" coveredstatements="9" conditionals="0" coveredconditionals="0" methods="1" coveredmethods="1"/>
      <file name="AppShell.tsx" path="/home/znovandap/Documents/test-gawe/home-test-eigen/src/presentation/components/layouts/AppShell/AppShell.tsx">
        <metrics statements="9" coveredstatements="9" conditionals="0" coveredconditionals="0" methods="1" coveredmethods="1"/>
        <line num="2" count="1" type="stmt"/>
        <line num="3" count="1" type="stmt"/>
        <line num="4" count="1" type="stmt"/>
        <line num="6" count="1" type="stmt"/>
        <line num="8" count="1" type="stmt"/>
        <line num="17" count="1" type="stmt"/>
        <line num="23" count="1" type="stmt"/>
        <line num="27" count="1" type="stmt"/>
        <line num="28" count="1" type="stmt"/>
      </file>
    </package>
    <package name="presentation.components.layouts.Container">
      <metrics statements="3" coveredstatements="3" conditionals="0" coveredconditionals="0" methods="1" coveredmethods="1"/>
      <file name="Container.tsx" path="/home/znovandap/Documents/test-gawe/home-test-eigen/src/presentation/components/layouts/Container/Container.tsx">
        <metrics statements="3" coveredstatements="3" conditionals="0" coveredconditionals="0" methods="1" coveredmethods="1"/>
        <line num="1" count="2" type="stmt"/>
        <line num="7" count="2" type="stmt"/>
        <line num="8" count="5" type="stmt"/>
      </file>
    </package>
    <package name="presentation.hooks">
      <metrics statements="7" coveredstatements="5" conditionals="0" coveredconditionals="0" methods="2" coveredmethods="1"/>
      <file name="useHandleNewsDetail.ts" path="/home/znovandap/Documents/test-gawe/home-test-eigen/src/presentation/hooks/useHandleNewsDetail.ts">
        <metrics statements="7" coveredstatements="5" conditionals="0" coveredconditionals="0" methods="2" coveredmethods="1"/>
        <line num="2" count="1" type="stmt"/>
        <line num="4" count="1" type="stmt"/>
        <line num="5" count="3" type="stmt"/>
        <line num="6" count="3" type="stmt"/>
        <line num="7" count="0" type="stmt"/>
        <line num="8" count="0" type="stmt"/>
        <line num="10" count="3" type="stmt"/>
      </file>
    </package>
    <package name="shared.constant">
      <metrics statements="1" coveredstatements="1" conditionals="0" coveredconditionals="0" methods="0" coveredmethods="0"/>
      <file name="newsStaticData.ts" path="/home/znovandap/Documents/test-gawe/home-test-eigen/src/shared/constant/newsStaticData.ts">
        <metrics statements="1" coveredstatements="1" conditionals="0" coveredconditionals="0" methods="0" coveredmethods="0"/>
        <line num="1" count="1" type="stmt"/>
      </file>
    </package>
  </project>
</coverage>
