{"/home/znovandap/Documents/test-gawe/home-test-eigen/src/presentation/components/Cards/CardNews/CardNews.tsx": {"path":"/home/znovandap/Documents/test-gawe/home-test-eigen/src/presentation/components/Cards/CardNews/CardNews.tsx","statementMap":{"0":{"start":{"line":17,"column":0},"end":{"line":17,"column":24}},"1":{"start":{"line":2,"column":0},"end":{"line":2,"column":78}},"2":{"start":{"line":3,"column":0},"end":{"line":3,"column":64}},"3":{"start":{"line":5,"column":47},"end":{"line":11,"column":2}},"4":{"start":{"line":19,"column":19},"end":{"line":19,"column":40}},"5":{"start":{"line":21,"column":2},"end":{"line":90,"column":4}},"6":{"start":{"line":24,"column":8},"end":{"line":24,"column":30}},"7":{"start":{"line":27,"column":29},"end":{"line":27,"column":41}}},"fnMap":{"0":{"name":"CardNews","decl":{"start":{"line":17,"column":24},"end":{"line":17,"column":32}},"loc":{"start":{"line":17,"column":70},"end":{"line":91,"column":1}}},"1":{"name":"(anonymous_1)","decl":{"start":{"line":23,"column":20},"end":{"line":23,"column":21}},"loc":{"start":{"line":24,"column":8},"end":{"line":24,"column":30}}},"2":{"name":"(anonymous_2)","decl":{"start":{"line":27,"column":23},"end":{"line":27,"column":26}},"loc":{"start":{"line":27,"column":29},"end":{"line":27,"column":41}}}},"branchMap":{"0":{"loc":{"start":{"line":21,"column":9},"end":{"line":89,"column":null}},"type":"cond-expr","locations":[{"start":{"line":22,"column":4},"end":{"line":80,"column":null}},{"start":{"line":83,"column":4},"end":{"line":87,"column":null}}]},"1":{"loc":{"start":{"line":53,"column":19},"end":{"line":53,"column":66}},"type":"binary-expr","locations":[{"start":{"line":53,"column":19},"end":{"line":53,"column":35}},{"start":{"line":53,"column":39},"end":{"line":53,"column":66}}]},"2":{"loc":{"start":{"line":75,"column":48},"end":{"line":75,"column":79}},"type":"binary-expr","locations":[{"start":{"line":75,"column":48},"end":{"line":75,"column":59}},{"start":{"line":75,"column":63},"end":{"line":75,"column":79}}]}},"s":{"0":1,"1":1,"2":1,"3":1,"4":3,"5":3,"6":40,"7":0},"f":{"0":3,"1":40,"2":0},"b":{"0":[2,1],"1":[40,0],"2":[40,0]}}
,"/home/znovandap/Documents/test-gawe/home-test-eigen/src/presentation/components/layouts/AppShell/AppShell.tsx": {"path":"/home/znovandap/Documents/test-gawe/home-test-eigen/src/presentation/components/layouts/AppShell/AppShell.tsx","statementMap":{"0":{"start":{"line":27,"column":0},"end":{"line":27,"column":24}},"1":{"start":{"line":2,"column":0},"end":{"line":2,"column":48}},"2":{"start":{"line":3,"column":0},"end":{"line":3,"column":38}},"3":{"start":{"line":4,"column":0},"end":{"line":4,"column":47}},"4":{"start":{"line":6,"column":36},"end":{"line":6,"column":42}},"5":{"start":{"line":8,"column":41},"end":{"line":15,"column":2}},"6":{"start":{"line":17,"column":41},"end":{"line":21,"column":2}},"7":{"start":{"line":23,"column":39},"end":{"line":26,"column":2}},"8":{"start":{"line":28,"column":2},"end":{"line":56,"column":4}}},"fnMap":{"0":{"name":"AppShell","decl":{"start":{"line":27,"column":24},"end":{"line":27,"column":32}},"loc":{"start":{"line":27,"column":32},"end":{"line":57,"column":1}}}},"branchMap":{},"s":{"0":1,"1":1,"2":1,"3":1,"4":1,"5":1,"6":1,"7":1,"8":1},"f":{"0":1},"b":{}}
,"/home/znovandap/Documents/test-gawe/home-test-eigen/src/presentation/components/layouts/Container/Container.tsx": {"path":"/home/znovandap/Documents/test-gawe/home-test-eigen/src/presentation/components/layouts/Container/Container.tsx","statementMap":{"0":{"start":{"line":7,"column":0},"end":{"line":7,"column":24}},"1":{"start":{"line":1,"column":0},"end":{"line":1,"column":63}},"2":{"start":{"line":8,"column":2},"end":{"line":12,"column":4}}},"fnMap":{"0":{"name":"Container","decl":{"start":{"line":7,"column":24},"end":{"line":7,"column":33}},"loc":{"start":{"line":7,"column":72},"end":{"line":13,"column":1}}}},"branchMap":{},"s":{"0":2,"1":2,"2":5},"f":{"0":5},"b":{}}
,"/home/znovandap/Documents/test-gawe/home-test-eigen/src/presentation/hooks/useHandleNewsDetail.ts": {"path":"/home/znovandap/Documents/test-gawe/home-test-eigen/src/presentation/hooks/useHandleNewsDetail.ts","statementMap":{"0":{"start":{"line":2,"column":0},"end":{"line":2,"column":43}},"1":{"start":{"line":4,"column":35},"end":{"line":11,"column":1}},"2":{"start":{"line":5,"column":19},"end":{"line":5,"column":32}},"3":{"start":{"line":6,"column":19},"end":{"line":9,"column":3}},"4":{"start":{"line":7,"column":4},"end":{"line":7,"column":64}},"5":{"start":{"line":8,"column":4},"end":{"line":8,"column":71}},"6":{"start":{"line":10,"column":2},"end":{"line":10,"column":20}},"7":{"start":{"line":4,"column":13},"end":{"line":4,"column":35}}},"fnMap":{"0":{"name":"(anonymous_0)","decl":{"start":{"line":4,"column":35},"end":{"line":4,"column":38}},"loc":{"start":{"line":4,"column":40},"end":{"line":11,"column":1}}},"1":{"name":"(anonymous_1)","decl":{"start":{"line":6,"column":19},"end":{"line":6,"column":20}},"loc":{"start":{"line":6,"column":34},"end":{"line":9,"column":3}}}},"branchMap":{},"s":{"0":1,"1":1,"2":3,"3":3,"4":0,"5":0,"6":3,"7":1},"f":{"0":3,"1":0},"b":{}}
,"/home/znovandap/Documents/test-gawe/home-test-eigen/src/shared/constant/newsStaticData.ts": {"path":"/home/znovandap/Documents/test-gawe/home-test-eigen/src/shared/constant/newsStaticData.ts","statementMap":{"0":{"start":{"line":1,"column":13},"end":{"line":262,"column":2}}},"fnMap":{},"branchMap":{},"s":{"0":1},"f":{},"b":{}}
}
