TN:
SF:src/presentation/components/Cards/CardNews/CardNews.tsx
FN:17,CardNews
FN:23,(anonymous_1)
FN:27,(anonymous_2)
FNF:3
FNH:2
FNDA:3,CardNews
FNDA:40,(anonymous_1)
FNDA:0,(anonymous_2)
DA:2,1
DA:3,1
DA:5,1
DA:17,1
DA:19,3
DA:21,3
DA:24,40
DA:27,0
LF:8
LH:7
BRDA:21,0,0,2
BRDA:21,0,1,1
BRDA:53,1,0,40
BRDA:53,1,1,0
BRDA:75,2,0,40
BRDA:75,2,1,0
BRF:6
BRH:4
end_of_record
TN:
SF:src/presentation/components/layouts/AppShell/AppShell.tsx
FN:27,AppShell
FNF:1
FNH:1
FNDA:1,AppShell
DA:2,1
DA:3,1
DA:4,1
DA:6,1
DA:8,1
DA:17,1
DA:23,1
DA:27,1
DA:28,1
LF:9
LH:9
BRF:0
BRH:0
end_of_record
TN:
SF:src/presentation/components/layouts/Container/Container.tsx
FN:7,Container
FNF:1
FNH:1
FNDA:5,Container
DA:1,2
DA:7,2
DA:8,5
LF:3
LH:3
BRF:0
BRH:0
end_of_record
TN:
SF:src/presentation/hooks/useHandleNewsDetail.ts
FN:4,(anonymous_0)
FN:6,(anonymous_1)
FNF:2
FNH:1
FNDA:3,(anonymous_0)
FNDA:0,(anonymous_1)
DA:2,1
DA:4,1
DA:5,3
DA:6,3
DA:7,0
DA:8,0
DA:10,3
LF:7
LH:5
BRF:0
BRH:0
end_of_record
TN:
SF:src/shared/constant/newsStaticData.ts
FNF:0
FNH:0
DA:1,1
LF:1
LH:1
BRF:0
BRH:0
end_of_record
